
> cipherroll-web@0.1.0 build
> node ./node_modules/next/dist/bin/next build

   ▲ Next.js 14.1.0
   - Environments: .env.local

   Creating an optimized production build ...

> Build error occurred
ValidationError: Invalid configuration object. Webpack has been initialized using a configuration object that does not match the API schema.
 - configuration.output.environment has an unknown property 'asyncFunction'. These properties are valid:
   object { arrowFunction?, bigIntLiteral?, const?, destructuring?, dynamicImport?, dynamicImportInWorker?, forOf?, globalThis?, module?, optionalChaining?, templateLiteral? }
   -> The abilities of the environment where the webpack generated code should run.
    at validate (/home/baba/fhenix/CipherRoll/web/node_modules/next/dist/compiled/schema-utils3/index.js:1:150822)
    at validateSchema (/home/baba/fhenix/CipherRoll/web/node_modules/next/dist/compiled/webpack/bundle5.js:28:1412865)
    at create (/home/baba/fhenix/CipherRoll/web/node_modules/next/dist/compiled/webpack/bundle5.js:28:1458310)
    at webpack (/home/baba/fhenix/CipherRoll/web/node_modules/next/dist/compiled/webpack/bundle5.js:28:1458947)
    at f (/home/baba/fhenix/CipherRoll/web/node_modules/next/dist/compiled/webpack/bundle5.js:28:888429)
    at /home/baba/fhenix/CipherRoll/web/node_modules/next/dist/build/compiler.js:35:47
    at new Promise (<anonymous>)
    at runCompiler (/home/baba/fhenix/CipherRoll/web/node_modules/next/dist/build/compiler.js:34:12)
    at /home/baba/fhenix/CipherRoll/web/node_modules/next/dist/build/webpack-build/impl.js:233:83
    at async Span.traceAsyncFn (/home/baba/fhenix/CipherRoll/web/node_modules/next/dist/trace/trace.js:151:20) {
  errors: [
    {
      keyword: 'additionalProperties',
      dataPath: '.output.environment',
      schemaPath: '#/definitions/Environment/additionalProperties',
      params: [Object],
      message: 'should NOT have additional properties',
      schema: false,
      parentSchema: [Object],
      data: [Object]
    }
  ],
  schema: {
    definitions: {
      Amd: [Object],
      AmdContainer: [Object],
      AssetFilterItemTypes: [Object],
      AssetFilterTypes: [Object],
      AssetGeneratorDataUrl: [Object],
      AssetGeneratorDataUrlFunction: [Object],
      AssetGeneratorDataUrlOptions: [Object],
      AssetGeneratorOptions: [Object],
      AssetInlineGeneratorOptions: [Object],
      AssetModuleFilename: [Object],
      AssetModuleOutputPath: [Object],
      AssetParserDataUrlFunction: [Object],
      AssetParserDataUrlOptions: [Object],
      AssetParserOptions: [Object],
      AssetResourceGeneratorOptions: [Object],
      AuxiliaryComment: [Object],
      Bail: [Object],
      CacheOptions: [Object],
      CacheOptionsNormalized: [Object],
      Charset: [Object],
      ChunkFilename: [Object],
      ChunkFormat: [Object],
      ChunkLoadTimeout: [Object],
      ChunkLoading: [Object],
      ChunkLoadingGlobal: [Object],
      ChunkLoadingType: [Object],
      Clean: [Object],
      CleanOptions: [Object],
      CompareBeforeEmit: [Object],
      Context: [Object],
      CrossOriginLoading: [Object],
      CssChunkFilename: [Object],
      CssExperimentOptions: [Object],
      CssFilename: [Object],
      CssGeneratorOptions: [Object],
      CssParserOptions: [Object],
      Dependencies: [Object],
      DevServer: [Object],
      DevTool: [Object],
      DevtoolFallbackModuleFilenameTemplate: [Object],
      DevtoolModuleFilenameTemplate: [Object],
      DevtoolNamespace: [Object],
      EmptyGeneratorOptions: [Object],
      EmptyParserOptions: [Object],
      EnabledChunkLoadingTypes: [Object],
      EnabledLibraryTypes: [Object],
      EnabledWasmLoadingTypes: [Object],
      Entry: [Object],
      EntryDescription: [Object],
      EntryDescriptionNormalized: [Object],
      EntryDynamic: [Object],
      EntryDynamicNormalized: [Object],
      EntryFilename: [Object],
      EntryItem: [Object],
      EntryNormalized: [Object],
      EntryObject: [Object],
      EntryRuntime: [Object],
      EntryStatic: [Object],
      EntryStaticNormalized: [Object],
      EntryUnnamed: [Object],
      Environment: [Object],
      Experiments: [Object],
      ExperimentsCommon: [Object],
      ExperimentsNormalized: [Object],
      Extends: [Object],
      ExtendsItem: [Object],
      ExternalItem: [Object],
      ExternalItemFunctionData: [Object],
      ExternalItemValue: [Object],
      Externals: [Object],
      ExternalsPresets: [Object],
      ExternalsType: [Object],
      FileCacheOptions: [Object],
      Filename: [Object],
      FilenameTemplate: [Object],
      FilterItemTypes: [Object],
      FilterTypes: [Object],
      GeneratorOptionsByModuleType: [Object],
      GlobalObject: [Object],
      HashDigest: [Object],
      HashDigestLength: [Object],
      HashFunction: [Object],
      HashSalt: [Object],
      HotUpdateChunkFilename: [Object],
      HotUpdateGlobal: [Object],
      HotUpdateMainFilename: [Object],
      HttpUriAllowedUris: [Object],
      HttpUriOptions: [Object],
      HttpUriOptionsAllowedUris: [Object],
      IgnoreWarnings: [Object],
      IgnoreWarningsNormalized: [Object],
      Iife: [Object],
      ImportFunctionName: [Object],
      ImportMetaName: [Object],
      InfrastructureLogging: [Object],
      JavascriptParserOptions: [Object],
      Layer: [Object],
      LazyCompilationDefaultBackendOptions: [Object],
      LazyCompilationOptions: [Object],
      Library: [Object],
      LibraryCustomUmdCommentObject: [Object],
      LibraryCustomUmdObject: [Object],
      LibraryExport: [Object],
      LibraryName: [Object],
      LibraryOptions: [Object],
      LibraryType: [Object],
      Loader: [Object],
      MemoryCacheOptions: [Object],
      Mode: [Object],
      ModuleFilterItemTypes: [Object],
      ModuleFilterTypes: [Object],
      ModuleOptions: [Object],
      ModuleOptionsNormalized: [Object],
      Name: [Object],
      NoParse: [Object],
      Node: [Object],
      NodeOptions: [Object],
      Optimization: [Object],
      OptimizationRuntimeChunk: [Object],
      OptimizationRuntimeChunkNormalized: [Object],
      OptimizationSplitChunksCacheGroup: [Object],
      OptimizationSplitChunksGetCacheGroups: [Object],
      OptimizationSplitChunksOptions: [Object],
      OptimizationSplitChunksSizes: [Object],
      Output: [Object],
      OutputModule: [Object],
      OutputNormalized: [Object],
      Parallelism: [Object],
      ParserOptionsByModuleType: [Object],
      Path: [Object],
      Pathinfo: [Object],
      Performance: [Object],
      PerformanceOptions: [Object],
      Plugins: [Object],
      Profile: [Object],
      PublicPath: [Object],
      RawPublicPath: [Object],
      RecordsInputPath: [Object],
      RecordsOutputPath: [Object],
      RecordsPath: [Object],
      Resolve: [Object],
      ResolveAlias: [Object],
      ResolveLoader: [Object],
      ResolveOptions: [Object],
      ResolvePluginInstance: [Object],
      RuleSetCondition: [Object],
      RuleSetConditionAbsolute: [Object],
      RuleSetConditionOrConditions: [Object],
      RuleSetConditionOrConditionsAbsolute: [Object],
      RuleSetConditions: [Object],
      RuleSetConditionsAbsolute: [Object],
      RuleSetLoader: [Object],
      RuleSetLoaderOptions: [Object],
      RuleSetLogicalConditions: [Object],
      RuleSetLogicalConditionsAbsolute: [Object],
      RuleSetRule: [Object],
      RuleSetRules: [Object],
      RuleSetUse: [Object],
      RuleSetUseItem: [Object],
      ScriptType: [Object],
      SnapshotOptions: [Object],
      SourceMapFilename: [Object],
      SourcePrefix: [Object],
      StatsOptions: [Object],
      StatsValue: [Object],
      StrictModuleErrorHandling: [Object],
      StrictModuleExceptionHandling: [Object],
      Target: [Object],
      TrustedTypes: [Object],
      UmdNamedDefine: [Object],
      UniqueName: [Object],
      WarningFilterItemTypes: [Object],
      WarningFilterTypes: [Object],
      WasmLoading: [Object],
      WasmLoadingType: [Object],
      Watch: [Object],
      WatchOptions: [Object],
      WebassemblyModuleFilename: [Object],
      WebpackOptionsNormalized: [Object],
      WebpackPluginFunction: [Object],
      WebpackPluginInstance: [Object],
      WorkerPublicPath: [Object]
    },
    title: 'WebpackOptions',
    description: 'Options object as provided by the user.',
    type: 'object',
    additionalProperties: false,
    properties: {
      amd: [Object],
      bail: [Object],
      cache: [Object],
      context: [Object],
      dependencies: [Object],
      devServer: [Object],
      devtool: [Object],
      entry: [Object],
      experiments: [Object],
      extends: [Object],
      externals: [Object],
      externalsPresets: [Object],
      externalsType: [Object],
      ignoreWarnings: [Object],
      infrastructureLogging: [Object],
      loader: [Object],
      mode: [Object],
      module: [Object],
      name: [Object],
      node: [Object],
      optimization: [Object],
      output: [Object],
      parallelism: [Object],
      performance: [Object],
      plugins: [Object],
      profile: [Object],
      recordsInputPath: [Object],
      recordsOutputPath: [Object],
      recordsPath: [Object],
      resolve: [Object],
      resolveLoader: [Object],
      snapshot: [Object],
      stats: [Object],
      target: [Object],
      watch: [Object],
      watchOptions: [Object]
    }
  },
  headerName: 'Webpack',
  baseDataPath: 'configuration',
  postFormatter: [Function: postFormatter]
}
